aaron_co
abelm
adb
adnoblet
afrr128
ahsndnc
ajpye
alb5374
aleonard
alihamze
alsulami
altoono
alvizmit
alyons
aolvera
ar47843
as5212
asayal
ashok
ashvin
awg475
ayusuf
bbc484
bbridges
bcc825
bconrad
bds2758
bismuth
bmathi
brian926
bt9377
bwg479
byab300
byab308
cameron
cckuo
cgarcia
chaines
changwoo
charlie
chr528
cina
cja2345
clarkt
cmarnold
cmeyer3
cmo792
cmp3532
cmyoung
cnielson
cproctor
cspeed
csweber
cw23924
dan
danieler
davidbur
dbd537
dburton
dkardell
dkermany
dlabarre
dlimcher
dlitt
dmujje
dnguy3n
dtdzurko
dwang1
dwimmer
dy3359
egg
ehk332
eijkhout
elin524
elliot86
elm2733
em27799
emily_a
emp2499
epersico
erolfes
fabianjd
farouq
gagliano
gedmonds
gokivego
grajesh
gss646
hailong
hanpeizh
harshal1
hempel
hjkim92
hk22553
hl25939
hn3935
htc283
huangty
hz3622
hzb59
jag7548
jakejan
jap4283
jasminyl
jbb3267
jc2793
jchuah
jcornejo
jcr3726
jdc5646
jdj2652
jdm6327
jeffhens
jezvonek
jg54376
jkpeek
jl55879
jl62688
jm22652
jml4375
jnct
johnchen
johnli
jok8574
jonroelt
jpmakis
jricard
js84346
jsipps
jsull3
jt36629
juchao
junira
jwf953
jx2654
jyh
kamayani
katuite
keithcha
kendallw
k_fisher
khicks
k_ho
kochluck
kpereida
kregimba
krishb
krm3497
ksm2264
ktdoan
kyushick
lacour
lam4685
lf8488
lgao
lherrera
liaokp
lisiwang
ljgamo10
loumakos
malsawal
mambriz
mars2020
matt_g
mattscar
mayfield
mb48734
mchang
mct976
mdl2665
mdphill
medeker
mhiu
millerd
mingtran
mna579
mp43952
mpackard
ms72274
munal
myale
n0608375
n8524124
nathanvn
naveen34
nboeker
nbutler
neena
newman
nhy67
nihek
niimits
nlemcke
nmendoza
noesis23
nopoulos
nqv63
nrr527
nstarr
oreodog
peytones
pr8596
qz988
ramzi
rc43866
rd27472
rhs695
ringo
rmurthy
ro6848
romero03
rp29736
rpn6247
rrs2558
rs48746
rsatija
rtevans
samrodri
sbrkr
sd26677
sean_17
semeraro
sg39689
shawnwu
shelwick
shparki
sie94
sleal16
smm6224
sn9783
snakebite
spellski
srm3254
ss78279
starski
steven96
sth783
storm
stutter
stuurman
sundar
superlu
testuser
tg831851
tm33223
tme566
tobi
towne05
tpd399
tq598
trdough
v_floyd
vikkohli
vipul
vishnus
vkashyap
vmena96
vms784
wanegar
wchoy
webstar
wenjiey
willirl
woojoo
wrliu
ww7585
xp337
xywangg
yc6899
ycchen
yujincho
zenxi
zf2455
zhuode93
z_mare15
zrm323
adb
