adb      pts/1        2017-09-07 09:39 (99-88-245-79.lightspeed.austtx.sbcglobal.net)
adb      pts/51       2017-09-07 14:09 (nat-128-62-27-38.public.utexas.edu)
alsulami pts/25       2017-09-07 13:35 (nat-128-62-2-84.public.utexas.edu)
alsulami pts/33       2017-09-07 12:36 (nat-128-62-16-185.public.utexas.edu)
aolvera  pts/60       2017-09-07 14:44 (nat-128-62-22-130.public.utexas.edu)
ashvin   pts/62       2017-09-07 14:14 (nat-128-62-38-62.public.utexas.edu)
bbridges pts/27       2017-09-07 14:07 (nat-128-62-23-124.public.utexas.edu)
bwg479   pts/24       2017-09-07 12:44 (nat-128-62-24-119.public.utexas.edu)
changwoo pts/3        2017-09-07 14:40 (nat-128-62-17-193.public.utexas.edu)
charlie  pts/35       2017-09-07 12:57 (nat-128-62-18-184.public.utexas.edu)
chr528   pts/32       2017-09-07 12:34 (nat-128-62-24-127.public.utexas.edu)
cina     pts/53       2017-09-07 14:10 (nat-128-62-23-54.public.utexas.edu)
cnielson pts/58       2017-09-07 14:12 (dhcp-128-83-94-117.classroom.cns.utexas.edu)
danieler pts/47       2017-09-07 13:30 (nat-128-62-38-66.public.utexas.edu)
davidbur pts/55       2017-09-07 14:11 (nat-128-62-20-235.public.utexas.edu)
dkermany pts/61       2017-09-07 14:35 (nat-128-62-23-80.public.utexas.edu)
dlabarre pts/38       2017-09-07 13:05 (nat-128-62-31-117.public.utexas.edu)
dmujje   pts/8        2017-09-07 14:35 (nat-128-62-30-29.public.utexas.edu)
dy3359   pts/34       2017-09-07 14:13 (nat-128-62-22-170.public.utexas.edu)
dy3359   pts/59       2017-09-07 14:29 (nat-128-62-22-170.public.utexas.edu)
elin524  pts/65       2017-09-07 14:18 (nat-128-62-19-109.public.utexas.edu)
epersico pts/37       2017-09-07 14:07 (nat-128-62-27-3.public.utexas.edu)
farouq   pts/0        2017-09-07 13:55 (nat-128-62-34-191.public.utexas.edu)
farouq   pts/66       2017-09-07 14:36 (nat-128-62-34-191.public.utexas.edu)
hailong  pts/17       2017-09-07 14:06 (nat-128-62-30-49.public.utexas.edu)
hl25939  pts/26       2017-09-07 12:51 (nat-128-62-18-242.public.utexas.edu)
huangty  pts/9        2017-09-07 14:08 (dhcp-128-83-94-83.classroom.cns.utexas.edu)
jakejan  pts/11       2017-09-07 12:39 (nat-128-62-20-14.public.utexas.edu)
jml4375  pts/64       2017-09-07 14:15 (nat-128-62-31-73.public.utexas.edu)
jnct     pts/21       2017-09-07 14:44 (nat-128-62-31-9.public.utexas.edu)
johnli   pts/43       2017-09-07 14:08 (dhcp-128-83-94-84.classroom.cns.utexas.edu)
jonroelt pts/29       2017-09-07 14:07 (dhcp-128-83-94-112.classroom.cns.utexas.edu)
jpmakis  pts/44       2017-09-07 13:21 (nat-128-62-34-125.public.utexas.edu)
keithcha pts/7        2017-09-07 14:40 (nat-128-62-46-9.public.utexas.edu)
kendallw pts/18       2017-09-07 12:42 (nat-128-62-22-81.public.utexas.edu)
khicks   pts/45       2017-09-07 13:22 (nat-128-62-44-251.public.utexas.edu)
kochluck pts/30       2017-09-07 14:07 (nat-128-62-28-176.public.utexas.edu)
krishb   pts/57       2017-09-07 14:12 (dhcp-128-83-94-116.classroom.cns.utexas.edu)
lf8488   pts/13       2017-09-07 14:08 (nat-128-62-26-32.public.utexas.edu)
malsawal pts/10       2017-09-07 12:45 (nat-128-62-30-190.public.utexas.edu)
mb48734  pts/40       2017-09-07 13:02 (dhcp-128-83-76-102.pge.utexas.edu)
mct976   pts/52       2017-09-07 14:09 (dhcp-128-83-94-69.classroom.cns.utexas.edu)
mingtran pts/46       2017-09-07 14:09 (nat-128-62-38-197.public.utexas.edu)
n0608375 pts/67       2017-09-07 14:27 (nat-128-62-63-196.public.utexas.edu)
nhy67    pts/4        2017-09-07 14:03 (nat-128-62-20-45.public.utexas.edu)
nqv63    pts/56       2017-09-07 14:12 (dhcp-128-83-94-98.classroom.cns.utexas.edu)
qz988    pts/42       2017-09-07 14:10 (nat-128-62-16-185.public.utexas.edu)
qz988    pts/5        2017-09-07 12:44 (rrcs-71-41-19-114.sw.biz.rr.com)
ramzi    pts/54       2017-09-07 14:11 (dhcp-128-83-94-120.classroom.cns.utexas.edu)
rc43866  pts/68       2017-09-07 14:43 (dhcp-128-83-94-81.classroom.cns.utexas.edu)
rmurthy  pts/50       2017-09-07 14:09 (nat-128-62-2-88.public.utexas.edu)
ro6848   pts/22       2017-09-07 13:36 (nat-128-62-34-227.public.utexas.edu)
ro6848   pts/28       2017-09-07 12:34 (nat-128-62-34-227.public.utexas.edu)
romero03 pts/23       2017-09-07 14:06 (nat-128-62-22-225.public.utexas.edu)
rpn6247  pts/6        2017-09-07 13:20 (nat-128-62-48-156.public.utexas.edu)
samrodri pts/36       2017-09-07 12:41 (nat-128-62-40-174.public.utexas.edu)
samrodri pts/39       2017-09-07 12:59 (nat-128-62-40-174.public.utexas.edu)
shawnwu  pts/20       2017-09-07 14:09 (nat-128-62-17-50.public.utexas.edu)
sn9783   pts/48       2017-09-07 13:35 (nat-128-62-39-87.public.utexas.edu)
starski  pts/31       2017-09-07 12:34 (nat-128-62-22-23.public.utexas.edu)
sth783   pts/15       2017-09-07 12:58 (nat-128-62-16-230.public.utexas.edu)
tme566   pts/63       2017-09-07 14:41 (ip-64-134-158-131.public.wayport.net)
vkashyap pts/41       2017-09-07 13:02 (nat-128-62-28-107.public.utexas.edu)
vmena96  pts/2        2017-09-07 14:35 (nat-128-62-26-182.public.utexas.edu)
vmena96  pts/49       2017-09-07 14:09 (nat-128-62-26-182.public.utexas.edu)
xp337    pts/14       2017-09-07 14:06 (nat-128-62-41-118.public.utexas.edu)
zenxi    pts/16       2017-09-07 12:32 (nat-128-62-31-168.public.utexas.edu)
zf2455   pts/12       2017-09-07 12:41 (nat-128-62-26-202.public.utexas.edu)
zrm323   pts/19       2017-09-07 12:33 (nat-128-62-16-178.public.utexas.edu)
